<?xml version="1.0" encoding="UTF-8"?>
<coverage generated="1527211520412" clover="3.2.0">
  <project timestamp="1527211520412" name="All files">
    <metrics statements="75" coveredstatements="73" conditionals="46" coveredconditionals="39" methods="27" coveredmethods="27" elements="148" coveredelements="139" complexity="0" loc="75" ncloc="75" packages="7" files="10" classes="10">
      <package name="components.Shared.BlockButton">
        <metrics statements="3" coveredstatements="3" conditionals="5" coveredconditionals="4" methods="1" coveredmethods="1"/>
        <file name="BlockButton.js" path="/Users/chrisbrooks/Documents/Work/Broccoli-Co/src/components/Shared/BlockButton/BlockButton.js">
          <metrics statements="3" coveredstatements="3" conditionals="5" coveredconditionals="4" methods="1" coveredmethods="1"/>
          <line num="7" count="3" type="stmt"/>
          <line num="17" count="6" type="stmt"/>
          <line num="32" count="3" type="stmt"/>
        </file>
      </package>
      <package name="components.Shared.Form">
        <metrics statements="3" coveredstatements="3" conditionals="0" coveredconditionals="0" methods="1" coveredmethods="1"/>
        <file name="Form.js" path="/Users/chrisbrooks/Documents/Work/Broccoli-Co/src/components/Shared/Form/Form.js">
          <metrics statements="3" coveredstatements="3" conditionals="0" coveredconditionals="0" methods="1" coveredmethods="1"/>
          <line num="7" count="3" type="stmt"/>
          <line num="13" count="1" type="stmt"/>
          <line num="22" count="3" type="stmt"/>
        </file>
      </package>
      <package name="components.Shared.Modal">
        <metrics statements="5" coveredstatements="5" conditionals="0" coveredconditionals="0" methods="2" coveredmethods="2"/>
        <file name="Modal.js" path="/Users/chrisbrooks/Documents/Work/Broccoli-Co/src/components/Shared/Modal/Modal.js">
          <metrics statements="5" coveredstatements="5" conditionals="0" coveredconditionals="0" methods="2" coveredmethods="2"/>
          <line num="6" count="3" type="stmt"/>
          <line num="7" count="1" type="stmt"/>
          <line num="17" count="1" type="stmt"/>
          <line num="26" count="3" type="stmt"/>
          <line num="28" count="3" type="stmt"/>
        </file>
      </package>
      <package name="components.Shared.TextInput">
        <metrics statements="3" coveredstatements="3" conditionals="3" coveredconditionals="3" methods="1" coveredmethods="1"/>
        <file name="RenderTextInput.js" path="/Users/chrisbrooks/Documents/Work/Broccoli-Co/src/components/Shared/TextInput/RenderTextInput.js">
          <metrics statements="3" coveredstatements="3" conditionals="3" coveredconditionals="3" methods="1" coveredmethods="1"/>
          <line num="7" count="3" type="stmt"/>
          <line num="18" count="3" type="stmt"/>
          <line num="31" count="3" type="stmt"/>
        </file>
      </package>
      <package name="containers.App">
        <metrics statements="7" coveredstatements="7" conditionals="0" coveredconditionals="0" methods="4" coveredmethods="4"/>
        <file name="App.js" path="/Users/chrisbrooks/Documents/Work/Broccoli-Co/src/containers/App/App.js">
          <metrics statements="7" coveredstatements="7" conditionals="0" coveredconditionals="0" methods="4" coveredmethods="4"/>
          <line num="11" count="2" type="stmt"/>
          <line num="12" count="2" type="stmt"/>
          <line num="15" count="2" type="stmt"/>
          <line num="16" count="2" type="stmt"/>
          <line num="20" count="1" type="stmt"/>
          <line num="26" count="1" type="stmt"/>
          <line num="32" count="6" type="stmt"/>
        </file>
      </package>
      <package name="containers.App.AppForm">
        <metrics statements="43" coveredstatements="41" conditionals="18" coveredconditionals="13" methods="12" coveredmethods="12"/>
        <file name="AppForm.js" path="/Users/chrisbrooks/Documents/Work/Broccoli-Co/src/containers/App/AppForm/AppForm.js">
          <metrics statements="25" coveredstatements="24" conditionals="13" coveredconditionals="10" methods="6" coveredmethods="6"/>
          <line num="13" count="2" type="stmt"/>
          <line num="14" count="2" type="stmt"/>
          <line num="15" count="2" type="stmt"/>
          <line num="20" count="5" type="stmt"/>
          <line num="21" count="5" type="stmt"/>
          <line num="24" count="5" type="stmt"/>
          <line num="25" count="5" type="stmt"/>
          <line num="29" count="1" type="stmt"/>
          <line num="33" count="1" type="stmt"/>
          <line num="39" count="1" type="stmt"/>
          <line num="41" count="1" type="cond" truecount="1" falsecount="1"/>
          <line num="43" count="0" type="stmt"/>
          <line num="45" count="1" type="stmt"/>
          <line num="53" count="1" type="cond" truecount="1" falsecount="1"/>
          <line num="54" count="1" type="stmt"/>
          <line num="56" count="1" type="stmt"/>
          <line num="58" count="1" type="stmt"/>
          <line num="70" count="9" type="stmt"/>
          <line num="72" count="9" type="cond" truecount="2" falsecount="0"/>
          <line num="75" count="9" type="stmt"/>
          <line num="82" count="1" type="stmt"/>
          <line num="89" count="9" type="stmt"/>
          <line num="129" count="9" type="stmt"/>
          <line num="148" count="2" type="stmt"/>
          <line num="161" count="2" type="stmt"/>
        </file>
        <file name="appForm.actionTypes.js" path="/Users/chrisbrooks/Documents/Work/Broccoli-Co/src/containers/App/AppForm/appForm.actionTypes.js">
          <metrics statements="3" coveredstatements="3" conditionals="0" coveredconditionals="0" methods="0" coveredmethods="0"/>
          <line num="1" count="3" type="stmt"/>
          <line num="2" count="3" type="stmt"/>
          <line num="3" count="3" type="stmt"/>
        </file>
        <file name="appForm.actions.js" path="/Users/chrisbrooks/Documents/Work/Broccoli-Co/src/containers/App/AppForm/appForm.actions.js">
          <metrics statements="8" coveredstatements="8" conditionals="0" coveredconditionals="0" methods="5" coveredmethods="5"/>
          <line num="5" count="2" type="stmt"/>
          <line num="7" count="2" type="stmt"/>
          <line num="12" count="2" type="stmt"/>
          <line num="13" count="2" type="stmt"/>
          <line num="15" count="1" type="stmt"/>
          <line num="19" count="1" type="stmt"/>
          <line num="22" count="1" type="stmt"/>
          <line num="29" count="1" type="stmt"/>
        </file>
        <file name="appForm.reducers.js" path="/Users/chrisbrooks/Documents/Work/Broccoli-Co/src/containers/App/AppForm/appForm.reducers.js">
          <metrics statements="7" coveredstatements="6" conditionals="5" coveredconditionals="3" methods="1" coveredmethods="1"/>
          <line num="3" count="1" type="stmt"/>
          <line num="8" count="1" type="cond" truecount="0" falsecount="1"/>
          <line num="9" count="3" type="cond" truecount="3" falsecount="1"/>
          <line num="11" count="1" type="stmt"/>
          <line num="16" count="1" type="stmt"/>
          <line num="22" count="0" type="stmt"/>
          <line num="24" count="1" type="stmt"/>
        </file>
      </package>
      <package name="utils">
        <metrics statements="11" coveredstatements="11" conditionals="20" coveredconditionals="19" methods="6" coveredmethods="6"/>
        <file name="fieldValidation.js" path="/Users/chrisbrooks/Documents/Work/Broccoli-Co/src/utils/fieldValidation.js">
          <metrics statements="11" coveredstatements="11" conditionals="20" coveredconditionals="19" methods="6" coveredmethods="6"/>
          <line num="4" count="8" type="cond" truecount="4" falsecount="0"/>
          <line num="6" count="6" type="cond" truecount="4" falsecount="0"/>
          <line num="8" count="3" type="stmt"/>
          <line num="9" count="2" type="cond" truecount="5" falsecount="1"/>
          <line num="12" count="1" type="stmt"/>
          <line num="15" count="1" type="stmt"/>
          <line num="18" count="5" type="stmt"/>
          <line num="19" count="3" type="cond" truecount="2" falsecount="0"/>
          <line num="21" count="3" type="cond" truecount="4" falsecount="0"/>
          <line num="22" count="2" type="stmt"/>
          <line num="25" count="1" type="stmt"/>
        </file>
      </package>
    </metrics>
  </project>
</coverage>
