{"/Users/chrisbrooks/Documents/Work/Broccoli-Co/src/components/Shared/BlockButton/BlockButton.js": {"path":"/Users/chrisbrooks/Documents/Work/Broccoli-Co/src/components/Shared/BlockButton/BlockButton.js","statementMap":{"0":{"start":{"line":7,"column":20},"end":{"line":30,"column":1}},"1":{"start":{"line":17,"column":2},"end":{"line":28,"column":11}},"2":{"start":{"line":32,"column":0},"end":{"line":40,"column":2}}},"fnMap":{"0":{"name":"(anonymous_0)","decl":{"start":{"line":7,"column":20},"end":{"line":7,"column":21}},"loc":{"start":{"line":17,"column":2},"end":{"line":28,"column":11}},"line":17}},"branchMap":{"0":{"loc":{"start":{"line":10,"column":2},"end":{"line":10,"column":17}},"type":"default-arg","locations":[{"start":{"line":10,"column":12},"end":{"line":10,"column":17}}],"line":10},"1":{"loc":{"start":{"line":20,"column":24},"end":{"line":20,"column":44}},"type":"binary-expr","locations":[{"start":{"line":20,"column":24},"end":{"line":20,"column":31}},{"start":{"line":20,"column":35},"end":{"line":20,"column":44}}],"line":20},"2":{"loc":{"start":{"line":21,"column":26},"end":{"line":21,"column":47}},"type":"binary-expr","locations":[{"start":{"line":21,"column":26},"end":{"line":21,"column":34}},{"start":{"line":21,"column":38},"end":{"line":21,"column":47}}],"line":21}},"s":{"0":3,"1":6,"2":3},"f":{"0":6},"b":{"0":[0],"1":[6,1],"2":[6,5]},"_coverageSchema":"332fd63041d2c1bcb487cc26dd0d5f7d97098a6c","hash":"fbd5bedd6214254aef6adbb2a1bf80775ac69cf2"}
,"/Users/chrisbrooks/Documents/Work/Broccoli-Co/src/components/Shared/Form/Form.js": {"path":"/Users/chrisbrooks/Documents/Work/Broccoli-Co/src/components/Shared/Form/Form.js","statementMap":{"0":{"start":{"line":7,"column":13},"end":{"line":20,"column":1}},"1":{"start":{"line":13,"column":2},"end":{"line":19,"column":9}},"2":{"start":{"line":22,"column":0},"end":{"line":27,"column":2}}},"fnMap":{"0":{"name":"(anonymous_0)","decl":{"start":{"line":7,"column":13},"end":{"line":7,"column":14}},"loc":{"start":{"line":13,"column":2},"end":{"line":19,"column":9}},"line":13}},"branchMap":{},"s":{"0":3,"1":1,"2":3},"f":{"0":1},"b":{},"_coverageSchema":"332fd63041d2c1bcb487cc26dd0d5f7d97098a6c","hash":"3b6ac63c1de7adc5e681e090baf25e31fee23168"}
,"/Users/chrisbrooks/Documents/Work/Broccoli-Co/src/components/Shared/Modal/Modal.js": {"path":"/Users/chrisbrooks/Documents/Work/Broccoli-Co/src/components/Shared/Modal/Modal.js","statementMap":{"0":{"start":{"line":6,"column":14},"end":{"line":24,"column":1}},"1":{"start":{"line":7,"column":2},"end":{"line":23,"column":15}},"2":{"start":{"line":17,"column":25},"end":{"line":17,"column":47}},"3":{"start":{"line":26,"column":0},"end":{"line":26,"column":33}},"4":{"start":{"line":28,"column":0},"end":{"line":32,"column":2}}},"fnMap":{"0":{"name":"(anonymous_0)","decl":{"start":{"line":6,"column":14},"end":{"line":6,"column":15}},"loc":{"start":{"line":7,"column":2},"end":{"line":23,"column":15}},"line":7},"1":{"name":"(anonymous_1)","decl":{"start":{"line":17,"column":19},"end":{"line":17,"column":20}},"loc":{"start":{"line":17,"column":25},"end":{"line":17,"column":47}},"line":17}},"branchMap":{},"s":{"0":3,"1":1,"2":1,"3":3,"4":3},"f":{"0":1,"1":1},"b":{},"_coverageSchema":"332fd63041d2c1bcb487cc26dd0d5f7d97098a6c","hash":"7580663a1d8b84600d18f1cf598565b58eb1d1cb"}
,"/Users/chrisbrooks/Documents/Work/Broccoli-Co/src/components/Shared/TextInput/RenderTextInput.js": {"path":"/Users/chrisbrooks/Documents/Work/Broccoli-Co/src/components/Shared/TextInput/RenderTextInput.js","statementMap":{"0":{"start":{"line":7,"column":24},"end":{"line":29,"column":1}},"1":{"start":{"line":18,"column":2},"end":{"line":28,"column":8}},"2":{"start":{"line":31,"column":0},"end":{"line":38,"column":2}}},"fnMap":{"0":{"name":"(anonymous_0)","decl":{"start":{"line":7,"column":24},"end":{"line":7,"column":25}},"loc":{"start":{"line":18,"column":2},"end":{"line":28,"column":8}},"line":18}},"branchMap":{"0":{"loc":{"start":{"line":26,"column":6},"end":{"line":26,"column":78}},"type":"binary-expr","locations":[{"start":{"line":26,"column":6},"end":{"line":26,"column":13}},{"start":{"line":26,"column":18},"end":{"line":26,"column":23}},{"start":{"line":26,"column":27},"end":{"line":26,"column":77}}],"line":26}},"s":{"0":3,"1":3,"2":3},"f":{"0":3},"b":{"0":[3,3,3]},"_coverageSchema":"332fd63041d2c1bcb487cc26dd0d5f7d97098a6c","hash":"4eae6c0a2dde4a08146edf26ce86934d495abe3e"}
,"/Users/chrisbrooks/Documents/Work/Broccoli-Co/src/containers/App/App.js": {"path":"/Users/chrisbrooks/Documents/Work/Broccoli-Co/src/containers/App/App.js","statementMap":{"0":{"start":{"line":11,"column":4},"end":{"line":11,"column":26}},"1":{"start":{"line":12,"column":4},"end":{"line":14,"column":6}},"2":{"start":{"line":15,"column":4},"end":{"line":15,"column":59}},"3":{"start":{"line":16,"column":4},"end":{"line":16,"column":61}},"4":{"start":{"line":20,"column":4},"end":{"line":22,"column":7}},"5":{"start":{"line":26,"column":4},"end":{"line":28,"column":7}},"6":{"start":{"line":32,"column":4},"end":{"line":54,"column":6}}},"fnMap":{"0":{"name":"(anonymous_0)","decl":{"start":{"line":10,"column":2},"end":{"line":10,"column":3}},"loc":{"start":{"line":10,"column":30},"end":{"line":17,"column":3}},"line":10},"1":{"name":"(anonymous_1)","decl":{"start":{"line":19,"column":2},"end":{"line":19,"column":3}},"loc":{"start":{"line":19,"column":20},"end":{"line":23,"column":3}},"line":19},"2":{"name":"(anonymous_2)","decl":{"start":{"line":25,"column":2},"end":{"line":25,"column":3}},"loc":{"start":{"line":25,"column":21},"end":{"line":29,"column":3}},"line":25},"3":{"name":"(anonymous_3)","decl":{"start":{"line":31,"column":2},"end":{"line":31,"column":3}},"loc":{"start":{"line":31,"column":11},"end":{"line":55,"column":3}},"line":31}},"branchMap":{},"s":{"0":2,"1":2,"2":2,"3":2,"4":1,"5":1,"6":6},"f":{"0":2,"1":1,"2":1,"3":6},"b":{},"_coverageSchema":"332fd63041d2c1bcb487cc26dd0d5f7d97098a6c","hash":"0e56cd2dedd640bb183177814ac3da9dacfb6cf8"}
,"/Users/chrisbrooks/Documents/Work/Broccoli-Co/src/containers/App/AppForm/AppForm.js": {"path":"/Users/chrisbrooks/Documents/Work/Broccoli-Co/src/containers/App/AppForm/AppForm.js","statementMap":{"0":{"start":{"line":13,"column":27},"end":{"line":13,"column":74}},"1":{"start":{"line":14,"column":24},"end":{"line":14,"column":50}},"2":{"start":{"line":15,"column":31},"end":{"line":15,"column":64}},"3":{"start":{"line":20,"column":4},"end":{"line":20,"column":12}},"4":{"start":{"line":21,"column":4},"end":{"line":23,"column":6}},"5":{"start":{"line":24,"column":4},"end":{"line":24,"column":49}},"6":{"start":{"line":25,"column":4},"end":{"line":25,"column":69}},"7":{"start":{"line":29,"column":4},"end":{"line":31,"column":7}},"8":{"start":{"line":33,"column":21},"end":{"line":36,"column":5}},"9":{"start":{"line":39,"column":4},"end":{"line":48,"column":9}},"10":{"start":{"line":41,"column":8},"end":{"line":44,"column":9}},"11":{"start":{"line":43,"column":10},"end":{"line":43,"column":29}},"12":{"start":{"line":45,"column":8},"end":{"line":47,"column":11}},"13":{"start":{"line":53,"column":4},"end":{"line":57,"column":5}},"14":{"start":{"line":54,"column":6},"end":{"line":54,"column":25}},"15":{"start":{"line":56,"column":6},"end":{"line":56,"column":30}},"16":{"start":{"line":58,"column":4},"end":{"line":58,"column":32}},"17":{"start":{"line":70,"column":8},"end":{"line":70,"column":18}},"18":{"start":{"line":72,"column":18},"end":{"line":72,"column":96}},"19":{"start":{"line":75,"column":6},"end":{"line":85,"column":12}},"20":{"start":{"line":82,"column":25},"end":{"line":82,"column":52}},"21":{"start":{"line":89,"column":6},"end":{"line":126,"column":13}},"22":{"start":{"line":129,"column":4},"end":{"line":142,"column":6}},"23":{"start":{"line":148,"column":0},"end":{"line":159,"column":2}},"24":{"start":{"line":161,"column":22},"end":{"line":164,"column":2}}},"fnMap":{"0":{"name":"(anonymous_0)","decl":{"start":{"line":19,"column":2},"end":{"line":19,"column":3}},"loc":{"start":{"line":19,"column":16},"end":{"line":26,"column":3}},"line":19},"1":{"name":"(anonymous_1)","decl":{"start":{"line":28,"column":2},"end":{"line":28,"column":3}},"loc":{"start":{"line":28,"column":21},"end":{"line":49,"column":3}},"line":28},"2":{"name":"(anonymous_2)","decl":{"start":{"line":40,"column":12},"end":{"line":40,"column":13}},"loc":{"start":{"line":40,"column":26},"end":{"line":48,"column":7}},"line":40},"3":{"name":"(anonymous_3)","decl":{"start":{"line":51,"column":2},"end":{"line":51,"column":3}},"loc":{"start":{"line":51,"column":25},"end":{"line":59,"column":3}},"line":51},"4":{"name":"(anonymous_4)","decl":{"start":{"line":61,"column":2},"end":{"line":61,"column":3}},"loc":{"start":{"line":61,"column":11},"end":{"line":144,"column":3}},"line":61},"5":{"name":"(anonymous_5)","decl":{"start":{"line":82,"column":19},"end":{"line":82,"column":20}},"loc":{"start":{"line":82,"column":25},"end":{"line":82,"column":52}},"line":82}},"branchMap":{"0":{"loc":{"start":{"line":41,"column":8},"end":{"line":44,"column":9}},"type":"if","locations":[{"start":{"line":41,"column":8},"end":{"line":44,"column":9}},{"start":{"line":41,"column":8},"end":{"line":44,"column":9}}],"line":41},"1":{"loc":{"start":{"line":53,"column":4},"end":{"line":57,"column":5}},"type":"if","locations":[{"start":{"line":53,"column":4},"end":{"line":57,"column":5}},{"start":{"line":53,"column":4},"end":{"line":57,"column":5}}],"line":53},"2":{"loc":{"start":{"line":72,"column":18},"end":{"line":72,"column":96}},"type":"cond-expr","locations":[{"start":{"line":72,"column":34},"end":{"line":72,"column":56}},{"start":{"line":72,"column":59},"end":{"line":72,"column":96}}],"line":72},"3":{"loc":{"start":{"line":119,"column":20},"end":{"line":119,"column":66}},"type":"binary-expr","locations":[{"start":{"line":119,"column":20},"end":{"line":119,"column":26}},{"start":{"line":119,"column":30},"end":{"line":119,"column":38}},{"start":{"line":119,"column":42},"end":{"line":119,"column":66}}],"line":119},"4":{"loc":{"start":{"line":123,"column":10},"end":{"line":124,"column":55}},"type":"binary-expr","locations":[{"start":{"line":123,"column":10},"end":{"line":123,"column":21}},{"start":{"line":124,"column":10},"end":{"line":124,"column":55}}],"line":123},"5":{"loc":{"start":{"line":135,"column":12},"end":{"line":139,"column":11}},"type":"cond-expr","locations":[{"start":{"line":136,"column":12},"end":{"line":136,"column":26}},{"start":{"line":138,"column":12},"end":{"line":138,"column":23}}],"line":135}},"s":{"0":2,"1":2,"2":2,"3":5,"4":5,"5":5,"6":5,"7":1,"8":1,"9":1,"10":1,"11":0,"12":1,"13":1,"14":1,"15":1,"16":1,"17":9,"18":9,"19":9,"20":1,"21":9,"22":9,"23":2,"24":2},"f":{"0":5,"1":1,"2":1,"3":1,"4":9,"5":1},"b":{"0":[0,1],"1":[1,0],"2":[2,7],"3":[9,4,4],"4":[9,0],"5":[2,7]},"_coverageSchema":"332fd63041d2c1bcb487cc26dd0d5f7d97098a6c","hash":"48ee57548411197138d0c555a5883d1a66e042d3"}
,"/Users/chrisbrooks/Documents/Work/Broccoli-Co/src/containers/App/AppForm/appForm.actionTypes.js": {"path":"/Users/chrisbrooks/Documents/Work/Broccoli-Co/src/containers/App/AppForm/appForm.actionTypes.js","statementMap":{"0":{"start":{"line":1,"column":30},"end":{"line":1,"column":54}},"1":{"start":{"line":2,"column":30},"end":{"line":2,"column":54}},"2":{"start":{"line":3,"column":21},"end":{"line":3,"column":36}}},"fnMap":{},"branchMap":{},"s":{"0":3,"1":3,"2":3},"f":{},"b":{},"_coverageSchema":"332fd63041d2c1bcb487cc26dd0d5f7d97098a6c","hash":"0e5628c15a22c4d24b418223e758d72128b7855a"}
,"/Users/chrisbrooks/Documents/Work/Broccoli-Co/src/containers/App/AppForm/appForm.actions.js": {"path":"/Users/chrisbrooks/Documents/Work/Broccoli-Co/src/containers/App/AppForm/appForm.actions.js","statementMap":{"0":{"start":{"line":5,"column":27},"end":{"line":5,"column":72}},"1":{"start":{"line":7,"column":26},"end":{"line":9,"column":2}},"2":{"start":{"line":7,"column":33},"end":{"line":9,"column":1}},"3":{"start":{"line":12,"column":2},"end":{"line":31,"column":4}},"4":{"start":{"line":13,"column":4},"end":{"line":30,"column":8}},"5":{"start":{"line":15,"column":8},"end":{"line":18,"column":11}},"6":{"start":{"line":19,"column":8},"end":{"line":19,"column":24}},"7":{"start":{"line":22,"column":8},"end":{"line":28,"column":11}},"8":{"start":{"line":29,"column":8},"end":{"line":29,"column":21}}},"fnMap":{"0":{"name":"(anonymous_0)","decl":{"start":{"line":7,"column":26},"end":{"line":7,"column":27}},"loc":{"start":{"line":7,"column":33},"end":{"line":9,"column":1}},"line":7},"1":{"name":"postSignUpForm","decl":{"start":{"line":11,"column":16},"end":{"line":11,"column":30}},"loc":{"start":{"line":11,"column":41},"end":{"line":32,"column":1}},"line":11},"2":{"name":"(anonymous_2)","decl":{"start":{"line":12,"column":9},"end":{"line":12,"column":10}},"loc":{"start":{"line":13,"column":4},"end":{"line":30,"column":8}},"line":13},"3":{"name":"(anonymous_3)","decl":{"start":{"line":14,"column":12},"end":{"line":14,"column":13}},"loc":{"start":{"line":14,"column":26},"end":{"line":20,"column":7}},"line":14},"4":{"name":"(anonymous_4)","decl":{"start":{"line":21,"column":13},"end":{"line":21,"column":14}},"loc":{"start":{"line":21,"column":24},"end":{"line":30,"column":7}},"line":21}},"branchMap":{},"s":{"0":2,"1":2,"2":1,"3":2,"4":2,"5":1,"6":1,"7":1,"8":1},"f":{"0":1,"1":2,"2":2,"3":1,"4":1},"b":{},"_coverageSchema":"332fd63041d2c1bcb487cc26dd0d5f7d97098a6c","hash":"188dea18efc5a69587558b0cb55bed1cee29f88d"}
,"/Users/chrisbrooks/Documents/Work/Broccoli-Co/src/containers/App/AppForm/appForm.reducers.js": {"path":"/Users/chrisbrooks/Documents/Work/Broccoli-Co/src/containers/App/AppForm/appForm.reducers.js","statementMap":{"0":{"start":{"line":3,"column":21},"end":{"line":6,"column":1}},"1":{"start":{"line":8,"column":16},"end":{"line":26,"column":1}},"2":{"start":{"line":9,"column":2},"end":{"line":25,"column":3}},"3":{"start":{"line":11,"column":6},"end":{"line":14,"column":8}},"4":{"start":{"line":16,"column":6},"end":{"line":20,"column":8}},"5":{"start":{"line":22,"column":6},"end":{"line":22,"column":26}},"6":{"start":{"line":24,"column":6},"end":{"line":24,"column":19}}},"fnMap":{"0":{"name":"(anonymous_0)","decl":{"start":{"line":8,"column":16},"end":{"line":8,"column":17}},"loc":{"start":{"line":8,"column":50},"end":{"line":26,"column":1}},"line":8}},"branchMap":{"0":{"loc":{"start":{"line":8,"column":17},"end":{"line":8,"column":37}},"type":"default-arg","locations":[{"start":{"line":8,"column":25},"end":{"line":8,"column":37}}],"line":8},"1":{"loc":{"start":{"line":9,"column":2},"end":{"line":25,"column":3}},"type":"switch","locations":[{"start":{"line":10,"column":4},"end":{"line":14,"column":8}},{"start":{"line":15,"column":4},"end":{"line":20,"column":8}},{"start":{"line":21,"column":4},"end":{"line":22,"column":26}},{"start":{"line":23,"column":4},"end":{"line":24,"column":19}}],"line":9}},"s":{"0":1,"1":1,"2":3,"3":1,"4":1,"5":0,"6":1},"f":{"0":3},"b":{"0":[0],"1":[1,1,0,1]},"_coverageSchema":"332fd63041d2c1bcb487cc26dd0d5f7d97098a6c","hash":"dd63728b4e9ffea26a89bf967f41dcdb03b3b42e"}
,"/Users/chrisbrooks/Documents/Work/Broccoli-Co/src/utils/fieldValidation.js": {"path":"/Users/chrisbrooks/Documents/Work/Broccoli-Co/src/utils/fieldValidation.js","statementMap":{"0":{"start":{"line":4,"column":24},"end":{"line":4,"column":131}},"1":{"start":{"line":4,"column":33},"end":{"line":4,"column":131}},"2":{"start":{"line":4,"column":43},"end":{"line":4,"column":130}},"3":{"start":{"line":6,"column":21},"end":{"line":6,"column":98}},"4":{"start":{"line":6,"column":31},"end":{"line":6,"column":97}},"5":{"start":{"line":8,"column":28},"end":{"line":16,"column":1}},"6":{"start":{"line":9,"column":2},"end":{"line":13,"column":3}},"7":{"start":{"line":12,"column":4},"end":{"line":12,"column":55}},"8":{"start":{"line":15,"column":2},"end":{"line":15,"column":19}},"9":{"start":{"line":18,"column":25},"end":{"line":26,"column":1}},"10":{"start":{"line":18,"column":44},"end":{"line":26,"column":1}},"11":{"start":{"line":19,"column":14},"end":{"line":19,"column":25}},"12":{"start":{"line":21,"column":2},"end":{"line":23,"column":3}},"13":{"start":{"line":22,"column":4},"end":{"line":22,"column":61}},"14":{"start":{"line":25,"column":2},"end":{"line":25,"column":19}}},"fnMap":{"0":{"name":"(anonymous_0)","decl":{"start":{"line":4,"column":24},"end":{"line":4,"column":25}},"loc":{"start":{"line":4,"column":33},"end":{"line":4,"column":131}},"line":4},"1":{"name":"(anonymous_1)","decl":{"start":{"line":4,"column":33},"end":{"line":4,"column":34}},"loc":{"start":{"line":4,"column":43},"end":{"line":4,"column":130}},"line":4},"2":{"name":"(anonymous_2)","decl":{"start":{"line":6,"column":21},"end":{"line":6,"column":22}},"loc":{"start":{"line":6,"column":31},"end":{"line":6,"column":97}},"line":6},"3":{"name":"(anonymous_3)","decl":{"start":{"line":8,"column":28},"end":{"line":8,"column":29}},"loc":{"start":{"line":8,"column":39},"end":{"line":16,"column":1}},"line":8},"4":{"name":"(anonymous_4)","decl":{"start":{"line":18,"column":25},"end":{"line":18,"column":26}},"loc":{"start":{"line":18,"column":44},"end":{"line":26,"column":1}},"line":18},"5":{"name":"(anonymous_5)","decl":{"start":{"line":18,"column":44},"end":{"line":18,"column":45}},"loc":{"start":{"line":18,"column":55},"end":{"line":26,"column":1}},"line":18}},"branchMap":{"0":{"loc":{"start":{"line":4,"column":43},"end":{"line":4,"column":130}},"type":"cond-expr","locations":[{"start":{"line":4,"column":96},"end":{"line":4,"column":118}},{"start":{"line":4,"column":121},"end":{"line":4,"column":130}}],"line":4},"1":{"loc":{"start":{"line":4,"column":43},"end":{"line":4,"column":93}},"type":"binary-expr","locations":[{"start":{"line":4,"column":43},"end":{"line":4,"column":68}},{"start":{"line":4,"column":72},"end":{"line":4,"column":93}}],"line":4},"2":{"loc":{"start":{"line":6,"column":31},"end":{"line":6,"column":97}},"type":"cond-expr","locations":[{"start":{"line":6,"column":58},"end":{"line":6,"column":85}},{"start":{"line":6,"column":88},"end":{"line":6,"column":97}}],"line":6},"3":{"loc":{"start":{"line":6,"column":31},"end":{"line":6,"column":55}},"type":"binary-expr","locations":[{"start":{"line":6,"column":31},"end":{"line":6,"column":36}},{"start":{"line":6,"column":40},"end":{"line":6,"column":55}}],"line":6},"4":{"loc":{"start":{"line":9,"column":2},"end":{"line":13,"column":3}},"type":"if","locations":[{"start":{"line":9,"column":2},"end":{"line":13,"column":3}},{"start":{"line":9,"column":2},"end":{"line":13,"column":3}}],"line":9},"5":{"loc":{"start":{"line":9,"column":6},"end":{"line":11,"column":58}},"type":"binary-expr","locations":[{"start":{"line":9,"column":6},"end":{"line":9,"column":31}},{"start":{"line":10,"column":4},"end":{"line":10,"column":25}},{"start":{"line":11,"column":5},"end":{"line":11,"column":17}},{"start":{"line":11,"column":21},"end":{"line":11,"column":57}}],"line":9},"6":{"loc":{"start":{"line":19,"column":14},"end":{"line":19,"column":25}},"type":"binary-expr","locations":[{"start":{"line":19,"column":14},"end":{"line":19,"column":20}},{"start":{"line":19,"column":24},"end":{"line":19,"column":25}}],"line":19},"7":{"loc":{"start":{"line":21,"column":2},"end":{"line":23,"column":3}},"type":"if","locations":[{"start":{"line":21,"column":2},"end":{"line":23,"column":3}},{"start":{"line":21,"column":2},"end":{"line":23,"column":3}}],"line":21},"8":{"loc":{"start":{"line":21,"column":6},"end":{"line":21,"column":40}},"type":"binary-expr","locations":[{"start":{"line":21,"column":6},"end":{"line":21,"column":11}},{"start":{"line":21,"column":15},"end":{"line":21,"column":40}}],"line":21}},"s":{"0":3,"1":8,"2":2,"3":3,"4":6,"5":3,"6":2,"7":1,"8":1,"9":3,"10":5,"11":3,"12":3,"13":2,"14":1},"f":{"0":8,"1":2,"2":6,"3":2,"4":5,"5":3},"b":{"0":[1,1],"1":[2,2],"2":[3,3],"3":[6,6],"4":[1,1],"5":[2,2,1,0],"6":[3,1],"7":[2,1],"8":[3,3]},"_coverageSchema":"332fd63041d2c1bcb487cc26dd0d5f7d97098a6c","hash":"b23a076db44b9d3c5e3f7596b42a53bc261b58b9"}
}
