TN:
SF:/Users/chrisbrooks/Documents/Work/Broccoli-Co/src/components/Shared/BlockButton/BlockButton.js
FN:7,(anonymous_0)
FNF:1
FNH:1
FNDA:6,(anonymous_0)
DA:7,3
DA:17,6
DA:32,3
LF:3
LH:3
BRDA:10,0,0,0
BRDA:20,1,0,6
BRDA:20,1,1,1
BRDA:21,2,0,6
BRDA:21,2,1,5
BRF:5
BRH:4
end_of_record
TN:
SF:/Users/chrisbrooks/Documents/Work/Broccoli-Co/src/components/Shared/Form/Form.js
FN:7,(anonymous_0)
FNF:1
FNH:1
FNDA:1,(anonymous_0)
DA:7,3
DA:13,1
DA:22,3
LF:3
LH:3
BRF:0
BRH:0
end_of_record
TN:
SF:/Users/chrisbrooks/Documents/Work/Broccoli-Co/src/components/Shared/Modal/Modal.js
FN:6,(anonymous_0)
FN:17,(anonymous_1)
FNF:2
FNH:2
FNDA:1,(anonymous_0)
FNDA:1,(anonymous_1)
DA:6,3
DA:7,1
DA:17,1
DA:26,3
DA:28,3
LF:5
LH:5
BRF:0
BRH:0
end_of_record
TN:
SF:/Users/chrisbrooks/Documents/Work/Broccoli-Co/src/components/Shared/TextInput/RenderTextInput.js
FN:7,(anonymous_0)
FNF:1
FNH:1
FNDA:3,(anonymous_0)
DA:7,3
DA:18,3
DA:31,3
LF:3
LH:3
BRDA:26,0,0,3
BRDA:26,0,1,3
BRDA:26,0,2,3
BRF:3
BRH:3
end_of_record
TN:
SF:/Users/chrisbrooks/Documents/Work/Broccoli-Co/src/containers/App/App.js
FN:10,(anonymous_0)
FN:19,(anonymous_1)
FN:25,(anonymous_2)
FN:31,(anonymous_3)
FNF:4
FNH:4
FNDA:2,(anonymous_0)
FNDA:1,(anonymous_1)
FNDA:1,(anonymous_2)
FNDA:6,(anonymous_3)
DA:11,2
DA:12,2
DA:15,2
DA:16,2
DA:20,1
DA:26,1
DA:32,6
LF:7
LH:7
BRF:0
BRH:0
end_of_record
TN:
SF:/Users/chrisbrooks/Documents/Work/Broccoli-Co/src/containers/App/AppForm/AppForm.js
FN:19,(anonymous_0)
FN:28,(anonymous_1)
FN:40,(anonymous_2)
FN:51,(anonymous_3)
FN:61,(anonymous_4)
FN:82,(anonymous_5)
FNF:6
FNH:6
FNDA:5,(anonymous_0)
FNDA:1,(anonymous_1)
FNDA:1,(anonymous_2)
FNDA:1,(anonymous_3)
FNDA:9,(anonymous_4)
FNDA:1,(anonymous_5)
DA:13,2
DA:14,2
DA:15,2
DA:20,5
DA:21,5
DA:24,5
DA:25,5
DA:29,1
DA:33,1
DA:39,1
DA:41,1
DA:43,0
DA:45,1
DA:53,1
DA:54,1
DA:56,1
DA:58,1
DA:70,9
DA:72,9
DA:75,9
DA:82,1
DA:89,9
DA:129,9
DA:148,2
DA:161,2
LF:25
LH:24
BRDA:41,0,0,0
BRDA:41,0,1,1
BRDA:53,1,0,1
BRDA:53,1,1,0
BRDA:72,2,0,2
BRDA:72,2,1,7
BRDA:119,3,0,9
BRDA:119,3,1,4
BRDA:119,3,2,4
BRDA:123,4,0,9
BRDA:123,4,1,0
BRDA:135,5,0,2
BRDA:135,5,1,7
BRF:13
BRH:10
end_of_record
TN:
SF:/Users/chrisbrooks/Documents/Work/Broccoli-Co/src/containers/App/AppForm/appForm.actionTypes.js
FNF:0
FNH:0
DA:1,3
DA:2,3
DA:3,3
LF:3
LH:3
BRF:0
BRH:0
end_of_record
TN:
SF:/Users/chrisbrooks/Documents/Work/Broccoli-Co/src/containers/App/AppForm/appForm.actions.js
FN:7,(anonymous_0)
FN:11,postSignUpForm
FN:12,(anonymous_2)
FN:14,(anonymous_3)
FN:21,(anonymous_4)
FNF:5
FNH:5
FNDA:1,(anonymous_0)
FNDA:2,postSignUpForm
FNDA:2,(anonymous_2)
FNDA:1,(anonymous_3)
FNDA:1,(anonymous_4)
DA:5,2
DA:7,2
DA:12,2
DA:13,2
DA:15,1
DA:19,1
DA:22,1
DA:29,1
LF:8
LH:8
BRF:0
BRH:0
end_of_record
TN:
SF:/Users/chrisbrooks/Documents/Work/Broccoli-Co/src/containers/App/AppForm/appForm.reducers.js
FN:8,(anonymous_0)
FNF:1
FNH:1
FNDA:3,(anonymous_0)
DA:3,1
DA:8,1
DA:9,3
DA:11,1
DA:16,1
DA:22,0
DA:24,1
LF:7
LH:6
BRDA:8,0,0,0
BRDA:9,1,0,1
BRDA:9,1,1,1
BRDA:9,1,2,0
BRDA:9,1,3,1
BRF:5
BRH:3
end_of_record
TN:
SF:/Users/chrisbrooks/Documents/Work/Broccoli-Co/src/utils/fieldValidation.js
FN:4,(anonymous_0)
FN:4,(anonymous_1)
FN:6,(anonymous_2)
FN:8,(anonymous_3)
FN:18,(anonymous_4)
FN:18,(anonymous_5)
FNF:6
FNH:6
FNDA:8,(anonymous_0)
FNDA:2,(anonymous_1)
FNDA:6,(anonymous_2)
FNDA:2,(anonymous_3)
FNDA:5,(anonymous_4)
FNDA:3,(anonymous_5)
DA:4,8
DA:6,6
DA:8,3
DA:9,2
DA:12,1
DA:15,1
DA:18,5
DA:19,3
DA:21,3
DA:22,2
DA:25,1
LF:11
LH:11
BRDA:4,0,0,1
BRDA:4,0,1,1
BRDA:4,1,0,2
BRDA:4,1,1,2
BRDA:6,2,0,3
BRDA:6,2,1,3
BRDA:6,3,0,6
BRDA:6,3,1,6
BRDA:9,4,0,1
BRDA:9,4,1,1
BRDA:9,5,0,2
BRDA:9,5,1,2
BRDA:9,5,2,1
BRDA:9,5,3,0
BRDA:19,6,0,3
BRDA:19,6,1,1
BRDA:21,7,0,2
BRDA:21,7,1,1
BRDA:21,8,0,3
BRDA:21,8,1,3
BRF:20
BRH:19
end_of_record
